D:\BT CTDL VA GT\2001190678_PHANNGUYENHAMINH_02\2001190678_PHANNGUYENHAMINH_02\DEBUG\TAPHOA.OBJ
D:\BT CTDL VA GT\2001190678_PHANNGUYENHAMINH_02\2001190678_PHANNGUYENHAMINH_02\DEBUG\VC110.PDB
D:\BT CTDL VA GT\2001190678_PHANNGUYENHAMINH_02\DEBUG\2001190678_PHANNGUYENHAMINH_02.ILK
D:\BT CTDL VA GT\2001190678_PHANNGUYENHAMINH_02\DEBUG\2001190678_PHANNGUYENHAMINH_02.EXE
D:\BT CTDL VA GT\2001190678_PHANNGUYENHAMINH_02\DEBUG\2001190678_PHANNGUYENHAMINH_02.PDB
D:\BT CTDL va GT\2001190678_PhanNguyenHaMinh_02\2001190678_PhanNguyenHaMinh_02\Debug\TapHoa.obj
D:\BT CTDL va GT\2001190678_PhanNguyenHaMinh_02\2001190678_PhanNguyenHaMinh_02\Debug\cl.command.1.tlog
D:\BT CTDL va GT\2001190678_PhanNguyenHaMinh_02\2001190678_PhanNguyenHaMinh_02\Debug\CL.read.1.tlog
D:\BT CTDL va GT\2001190678_PhanNguyenHaMinh_02\2001190678_PhanNguyenHaMinh_02\Debug\CL.write.1.tlog
D:\BT CTDL va GT\2001190678_PhanNguyenHaMinh_02\2001190678_PhanNguyenHaMinh_02\Debug\link-cvtres.read.1.tlog
D:\BT CTDL va GT\2001190678_PhanNguyenHaMinh_02\2001190678_PhanNguyenHaMinh_02\Debug\link-cvtres.write.1.tlog
D:\BT CTDL va GT\2001190678_PhanNguyenHaMinh_02\2001190678_PhanNguyenHaMinh_02\Debug\link-rc.read.1.tlog
D:\BT CTDL va GT\2001190678_PhanNguyenHaMinh_02\2001190678_PhanNguyenHaMinh_02\Debug\link-rc.write.1.tlog
D:\BT CTDL va GT\2001190678_PhanNguyenHaMinh_02\2001190678_PhanNguyenHaMinh_02\Debug\link.8800-cvtres.read.1.tlog
D:\BT CTDL va GT\2001190678_PhanNguyenHaMinh_02\2001190678_PhanNguyenHaMinh_02\Debug\link.8800-cvtres.write.1.tlog
D:\BT CTDL va GT\2001190678_PhanNguyenHaMinh_02\2001190678_PhanNguyenHaMinh_02\Debug\link.8800-rc.read.1.tlog
D:\BT CTDL va GT\2001190678_PhanNguyenHaMinh_02\2001190678_PhanNguyenHaMinh_02\Debug\link.8800-rc.write.1.tlog
D:\BT CTDL va GT\2001190678_PhanNguyenHaMinh_02\2001190678_PhanNguyenHaMinh_02\Debug\link.8800.read.1.tlog
D:\BT CTDL va GT\2001190678_PhanNguyenHaMinh_02\2001190678_PhanNguyenHaMinh_02\Debug\link.8800.write.1.tlog
D:\BT CTDL va GT\2001190678_PhanNguyenHaMinh_02\2001190678_PhanNguyenHaMinh_02\Debug\link.command.1.tlog
D:\BT CTDL va GT\2001190678_PhanNguyenHaMinh_02\2001190678_PhanNguyenHaMinh_02\Debug\link.read.1.tlog
D:\BT CTDL va GT\2001190678_PhanNguyenHaMinh_02\2001190678_PhanNguyenHaMinh_02\Debug\link.write.1.tlog
D:\BT CTDL va GT\2001190678_PhanNguyenHaMinh_02\2001190678_PhanNguyenHaMinh_02\Debug\vc110.idb
D:\BT CTDL va GT\2001190678_PhanNguyenHaMinh_02\2001190678_PhanNguyenHaMinh_02\Debug\vc110.pdb
D:\BT CTDL va GT\2001190678_PhanNguyenHaMinh_02\Debug\2001190678_PhanNguyenHaMinh_02.pdb
D:\BT CTDL va GT\2001190678_PhanNguyenHaMinh_02\Debug\2001190678_PhanNguyenHaMinh_02.exe
D:\BT CTDL va GT\2001190678_PhanNguyenHaMinh_02\Debug\2001190678_PhanNguyenHaMinh_02.ilk
