C:\USERS\ACER\DESKTOP\ONTAPDSLKPART3\ONTAPDSLKPART3\DEBUG\DSLKSONGUYEN.OBJ
C:\USERS\ACER\DESKTOP\ONTAPDSLKPART3\ONTAPDSLKPART3\DEBUG\VC110.PDB
C:\USERS\ACER\DESKTOP\ONTAPDSLKPART3\DEBUG\ONTAPDSLKPART3.ILK
C:\USERS\ACER\DESKTOP\ONTAPDSLKPART3\DEBUG\ONTAPDSLKPART3.EXE
C:\USERS\ACER\DESKTOP\ONTAPDSLKPART3\DEBUG\ONTAPDSLKPART3.PDB
C:\Users\acer\Desktop\OnTapDSLKpart3\OnTapDSLKpart3\Debug\DSLKSoNguyen.obj
C:\Users\acer\Desktop\OnTapDSLKpart3\OnTapDSLKpart3\Debug\cl.command.1.tlog
C:\Users\acer\Desktop\OnTapDSLKpart3\OnTapDSLKpart3\Debug\CL.read.1.tlog
C:\Users\acer\Desktop\OnTapDSLKpart3\OnTapDSLKpart3\Debug\CL.write.1.tlog
C:\Users\acer\Desktop\OnTapDSLKpart3\OnTapDSLKpart3\Debug\link-cvtres.read.1.tlog
C:\Users\acer\Desktop\OnTapDSLKpart3\OnTapDSLKpart3\Debug\link-cvtres.write.1.tlog
C:\Users\acer\Desktop\OnTapDSLKpart3\OnTapDSLKpart3\Debug\link-rc.read.1.tlog
C:\Users\acer\Desktop\OnTapDSLKpart3\OnTapDSLKpart3\Debug\link-rc.write.1.tlog
C:\Users\acer\Desktop\OnTapDSLKpart3\OnTapDSLKpart3\Debug\link.10228-cvtres.read.1.tlog
C:\Users\acer\Desktop\OnTapDSLKpart3\OnTapDSLKpart3\Debug\link.10228-cvtres.write.1.tlog
C:\Users\acer\Desktop\OnTapDSLKpart3\OnTapDSLKpart3\Debug\link.10228-rc.read.1.tlog
C:\Users\acer\Desktop\OnTapDSLKpart3\OnTapDSLKpart3\Debug\link.10228-rc.write.1.tlog
C:\Users\acer\Desktop\OnTapDSLKpart3\OnTapDSLKpart3\Debug\link.10228.read.1.tlog
C:\Users\acer\Desktop\OnTapDSLKpart3\OnTapDSLKpart3\Debug\link.10228.write.1.tlog
C:\Users\acer\Desktop\OnTapDSLKpart3\OnTapDSLKpart3\Debug\link.15656-cvtres.read.1.tlog
C:\Users\acer\Desktop\OnTapDSLKpart3\OnTapDSLKpart3\Debug\link.15656-cvtres.write.1.tlog
C:\Users\acer\Desktop\OnTapDSLKpart3\OnTapDSLKpart3\Debug\link.15656-rc.read.1.tlog
C:\Users\acer\Desktop\OnTapDSLKpart3\OnTapDSLKpart3\Debug\link.15656-rc.write.1.tlog
C:\Users\acer\Desktop\OnTapDSLKpart3\OnTapDSLKpart3\Debug\link.15656.read.1.tlog
C:\Users\acer\Desktop\OnTapDSLKpart3\OnTapDSLKpart3\Debug\link.15656.write.1.tlog
C:\Users\acer\Desktop\OnTapDSLKpart3\OnTapDSLKpart3\Debug\link.8340-cvtres.read.1.tlog
C:\Users\acer\Desktop\OnTapDSLKpart3\OnTapDSLKpart3\Debug\link.8340-cvtres.write.1.tlog
C:\Users\acer\Desktop\OnTapDSLKpart3\OnTapDSLKpart3\Debug\link.8340-rc.read.1.tlog
C:\Users\acer\Desktop\OnTapDSLKpart3\OnTapDSLKpart3\Debug\link.8340-rc.write.1.tlog
C:\Users\acer\Desktop\OnTapDSLKpart3\OnTapDSLKpart3\Debug\link.8340.read.1.tlog
C:\Users\acer\Desktop\OnTapDSLKpart3\OnTapDSLKpart3\Debug\link.8340.write.1.tlog
C:\Users\acer\Desktop\OnTapDSLKpart3\OnTapDSLKpart3\Debug\link.8528-cvtres.read.1.tlog
C:\Users\acer\Desktop\OnTapDSLKpart3\OnTapDSLKpart3\Debug\link.8528-cvtres.write.1.tlog
C:\Users\acer\Desktop\OnTapDSLKpart3\OnTapDSLKpart3\Debug\link.8528-rc.read.1.tlog
C:\Users\acer\Desktop\OnTapDSLKpart3\OnTapDSLKpart3\Debug\link.8528-rc.write.1.tlog
C:\Users\acer\Desktop\OnTapDSLKpart3\OnTapDSLKpart3\Debug\link.8528.read.1.tlog
C:\Users\acer\Desktop\OnTapDSLKpart3\OnTapDSLKpart3\Debug\link.8528.write.1.tlog
C:\Users\acer\Desktop\OnTapDSLKpart3\OnTapDSLKpart3\Debug\link.command.1.tlog
C:\Users\acer\Desktop\OnTapDSLKpart3\OnTapDSLKpart3\Debug\link.read.1.tlog
C:\Users\acer\Desktop\OnTapDSLKpart3\OnTapDSLKpart3\Debug\link.write.1.tlog
C:\Users\acer\Desktop\OnTapDSLKpart3\OnTapDSLKpart3\Debug\vc110.idb
C:\Users\acer\Desktop\OnTapDSLKpart3\OnTapDSLKpart3\Debug\vc110.pdb
C:\Users\acer\Desktop\OnTapDSLKpart3\Debug\OnTapDSLKpart3.pdb
C:\Users\acer\Desktop\OnTapDSLKpart3\Debug\OnTapDSLKpart3.exe
C:\Users\acer\Desktop\OnTapDSLKpart3\Debug\OnTapDSLKpart3.ilk
