D:\BT CTDL VA GT\2001190678_PHANNGUYENHAMINH_01\2001190678_PHANNGUYENHAMINH_01\DEBUG\VC110.PDB
D:\BT CTDL VA GT\2001190678_PHANNGUYENHAMINH_01\2001190678_PHANNGUYENHAMINH_01\DEBUG\SINHVIEN.OBJ
D:\BT CTDL VA GT\2001190678_PHANNGUYENHAMINH_01\DEBUG\2001190678_PHANNGUYENHAMINH_01.ILK
D:\BT CTDL VA GT\2001190678_PHANNGUYENHAMINH_01\DEBUG\2001190678_PHANNGUYENHAMINH_01.EXE
D:\BT CTDL VA GT\2001190678_PHANNGUYENHAMINH_01\DEBUG\2001190678_PHANNGUYENHAMINH_01.PDB
D:\BT CTDL va GT\2001190678_PhanNguyenHaMinh_01\2001190678_PhanNguyenHaMinh_01\Debug\SinhVien.obj
D:\BT CTDL va GT\2001190678_PhanNguyenHaMinh_01\2001190678_PhanNguyenHaMinh_01\Debug\cl.command.1.tlog
D:\BT CTDL va GT\2001190678_PhanNguyenHaMinh_01\2001190678_PhanNguyenHaMinh_01\Debug\CL.read.1.tlog
D:\BT CTDL va GT\2001190678_PhanNguyenHaMinh_01\2001190678_PhanNguyenHaMinh_01\Debug\CL.write.1.tlog
D:\BT CTDL va GT\2001190678_PhanNguyenHaMinh_01\2001190678_PhanNguyenHaMinh_01\Debug\link-cvtres.read.1.tlog
D:\BT CTDL va GT\2001190678_PhanNguyenHaMinh_01\2001190678_PhanNguyenHaMinh_01\Debug\link-cvtres.write.1.tlog
D:\BT CTDL va GT\2001190678_PhanNguyenHaMinh_01\2001190678_PhanNguyenHaMinh_01\Debug\link-rc.read.1.tlog
D:\BT CTDL va GT\2001190678_PhanNguyenHaMinh_01\2001190678_PhanNguyenHaMinh_01\Debug\link-rc.write.1.tlog
D:\BT CTDL va GT\2001190678_PhanNguyenHaMinh_01\2001190678_PhanNguyenHaMinh_01\Debug\link.command.1.tlog
D:\BT CTDL va GT\2001190678_PhanNguyenHaMinh_01\2001190678_PhanNguyenHaMinh_01\Debug\link.read.1.tlog
D:\BT CTDL va GT\2001190678_PhanNguyenHaMinh_01\2001190678_PhanNguyenHaMinh_01\Debug\link.write.1.tlog
D:\BT CTDL va GT\2001190678_PhanNguyenHaMinh_01\2001190678_PhanNguyenHaMinh_01\Debug\vc110.idb
D:\BT CTDL va GT\2001190678_PhanNguyenHaMinh_01\2001190678_PhanNguyenHaMinh_01\Debug\vc110.pdb
D:\BT CTDL va GT\2001190678_PhanNguyenHaMinh_01\Debug\2001190678_PhanNguyenHaMinh_01.pdb
D:\BT CTDL va GT\2001190678_PhanNguyenHaMinh_01\Debug\2001190678_PhanNguyenHaMinh_01.exe
D:\BT CTDL va GT\2001190678_PhanNguyenHaMinh_01\Debug\2001190678_PhanNguyenHaMinh_01.ilk
