Build started 12/15/2020 9:53:36 AM.
     1>Project "C:\Users\acer\Desktop\Tuan6\OnTapLanCuoi\doiCoSovatinhGT\doiCoSovatinhGT.vcxproj" on node 2 (Build target(s)).
     1>ClCompile:
         C:\Program Files (x86)\Microsoft Visual Studio 11.0\VC\bin\CL.exe /c /ZI /nologo /W3 /WX- /Od /Oy- /D _MBCS /Gm /EHsc /RTC1 /MDd /GS /fp:precise /Zc:wchar_t /Zc:forScope /Fo"Debug\\" /Fd"Debug\vc110.pdb" /Gd /TP /analyze- /errorReport:prompt hvaiodod.cpp
         hvaiodod.cpp
     1>c:\users\acer\desktop\tuan6\ontaplancuoi\doicosovatinhgt\hvaiodod.cpp(64): warning C4101: 'x' : unreferenced local variable
     1>c:\users\acer\desktop\tuan6\ontaplancuoi\doicosovatinhgt\hvaiodod.cpp(112): warning C4996: 'scanf': This function or variable may be unsafe. Consider using scanf_s instead. To disable deprecation, use _CRT_SECURE_NO_WARNINGS. See online help for details.
                 c:\program files (x86)\microsoft visual studio 11.0\vc\include\stdio.h(290) : see declaration of 'scanf'
     1>c:\users\acer\desktop\tuan6\ontaplancuoi\doicosovatinhgt\hvaiodod.cpp(119): warning C4996: 'scanf': This function or variable may be unsafe. Consider using scanf_s instead. To disable deprecation, use _CRT_SECURE_NO_WARNINGS. See online help for details.
                 c:\program files (x86)\microsoft visual studio 11.0\vc\include\stdio.h(290) : see declaration of 'scanf'
     1>c:\users\acer\desktop\tuan6\ontaplancuoi\doicosovatinhgt\hvaiodod.cpp(128): warning C4996: 'scanf': This function or variable may be unsafe. Consider using scanf_s instead. To disable deprecation, use _CRT_SECURE_NO_WARNINGS. See online help for details.
                 c:\program files (x86)\microsoft visual studio 11.0\vc\include\stdio.h(290) : see declaration of 'scanf'
     1>c:\users\acer\desktop\tuan6\ontaplancuoi\doicosovatinhgt\hvaiodod.cpp(144): warning C4996: 'getch': The POSIX name for this item is deprecated. Instead, use the ISO C++ conformant name: _getch. See online help for details.
                 c:\program files (x86)\microsoft visual studio 11.0\vc\include\conio.h(131) : see declaration of 'getch'
     1>c:\users\acer\desktop\tuan6\ontaplancuoi\doicosovatinhgt\hvaiodod.cpp(106): warning C4101: 's' : unreferenced local variable
       Link:
         C:\Program Files (x86)\Microsoft Visual Studio 11.0\VC\bin\link.exe /ERRORREPORT:PROMPT /OUT:"C:\Users\acer\Desktop\Tuan6\OnTapLanCuoi\Debug\doiCoSovatinhGT.exe" /INCREMENTAL /NOLOGO kernel32.lib user32.lib gdi32.lib winspool.lib comdlg32.lib advapi32.lib shell32.lib ole32.lib oleaut32.lib uuid.lib odbc32.lib odbccp32.lib /MANIFEST /MANIFESTUAC:"level='asInvoker' uiAccess='false'" /manifest:embed /DEBUG /PDB:"C:\Users\acer\Desktop\Tuan6\OnTapLanCuoi\Debug\doiCoSovatinhGT.pdb" /TLBID:1 /DYNAMICBASE /NXCOMPAT /IMPLIB:"C:\Users\acer\Desktop\Tuan6\OnTapLanCuoi\Debug\doiCoSovatinhGT.lib" /MACHINE:X86 Debug\hvaiodod.obj
         doiCoSovatinhGT.vcxproj -> C:\Users\acer\Desktop\Tuan6\OnTapLanCuoi\Debug\doiCoSovatinhGT.exe
     1>Done Building Project "C:\Users\acer\Desktop\Tuan6\OnTapLanCuoi\doiCoSovatinhGT\doiCoSovatinhGT.vcxproj" (Build target(s)).

Build succeeded.

Time Elapsed 00:00:03.18
