Build started 12/29/2020 11:23:19 AM.
     1>Project "C:\Users\acer\Desktop\Tuan6\TuDienAnhViet\TuDienAnhViet\TuDienAnhViet.vcxproj" on node 2 (Build target(s)).
     1>ClCompile:
         C:\Program Files (x86)\Microsoft Visual Studio 11.0\VC\bin\CL.exe /c /ZI /nologo /W3 /WX- /Od /Oy- /D _MBCS /Gm /EHsc /RTC1 /MDd /GS /fp:precise /Zc:wchar_t /Zc:forScope /Fo"Debug\\" /Fd"Debug\vc110.pdb" /Gd /TP /analyze- /errorReport:prompt "TUDIEN(1).cpp"
         TUDIEN(1).cpp
     1>c:\users\acer\desktop\tuan6\tudienanhviet\tudienanhviet\tudien(1).cpp(148): warning C4996: 'scanf': This function or variable may be unsafe. Consider using scanf_s instead. To disable deprecation, use _CRT_SECURE_NO_WARNINGS. See online help for details.
                 c:\program files (x86)\microsoft visual studio 11.0\vc\include\stdio.h(290) : see declaration of 'scanf'
     1>c:\users\acer\desktop\tuan6\tudienanhviet\tudienanhviet\tudien(1).cpp(166): warning C4996: 'scanf': This function or variable may be unsafe. Consider using scanf_s instead. To disable deprecation, use _CRT_SECURE_NO_WARNINGS. See online help for details.
                 c:\program files (x86)\microsoft visual studio 11.0\vc\include\stdio.h(290) : see declaration of 'scanf'
     1>c:\users\acer\desktop\tuan6\tudienanhviet\tudienanhviet\tudien(1).cpp(168): warning C4996: 'scanf': This function or variable may be unsafe. Consider using scanf_s instead. To disable deprecation, use _CRT_SECURE_NO_WARNINGS. See online help for details.
                 c:\program files (x86)\microsoft visual studio 11.0\vc\include\stdio.h(290) : see declaration of 'scanf'
     1>c:\users\acer\desktop\tuan6\tudienanhviet\tudienanhviet\tudien(1).cpp(192): warning C4996: 'getch': The POSIX name for this item is deprecated. Instead, use the ISO C++ conformant name: _getch. See online help for details.
                 c:\program files (x86)\microsoft visual studio 11.0\vc\include\conio.h(131) : see declaration of 'getch'
     1>c:\users\acer\desktop\tuan6\tudienanhviet\tudienanhviet\tudien(1).cpp(132): warning C4715: 'xoaTD' : not all control paths return a value
       Link:
         C:\Program Files (x86)\Microsoft Visual Studio 11.0\VC\bin\link.exe /ERRORREPORT:PROMPT /OUT:"C:\Users\acer\Desktop\Tuan6\TuDienAnhViet\Debug\TuDienAnhViet.exe" /INCREMENTAL /NOLOGO kernel32.lib user32.lib gdi32.lib winspool.lib comdlg32.lib advapi32.lib shell32.lib ole32.lib oleaut32.lib uuid.lib odbc32.lib odbccp32.lib /MANIFEST /MANIFESTUAC:"level='asInvoker' uiAccess='false'" /manifest:embed /DEBUG /PDB:"C:\Users\acer\Desktop\Tuan6\TuDienAnhViet\Debug\TuDienAnhViet.pdb" /TLBID:1 /DYNAMICBASE /NXCOMPAT /IMPLIB:"C:\Users\acer\Desktop\Tuan6\TuDienAnhViet\Debug\TuDienAnhViet.lib" /MACHINE:X86 "Debug\TUDIEN(1).obj"
         TuDienAnhViet.vcxproj -> C:\Users\acer\Desktop\Tuan6\TuDienAnhViet\Debug\TuDienAnhViet.exe
     1>Done Building Project "C:\Users\acer\Desktop\Tuan6\TuDienAnhViet\TuDienAnhViet\TuDienAnhViet.vcxproj" (Build target(s)).

Build succeeded.

Time Elapsed 00:00:01.22
