Build started 11/17/2020 11:15:29 AM.
     1>Project "C:\Users\acer\Desktop\OntapDSLK(part2)\OntapDSLK(part2)\OntapDSLK(part2).vcxproj" on node 2 (Build target(s)).
     1>ClCompile:
         C:\Program Files (x86)\Microsoft Visual Studio 11.0\VC\bin\CL.exe /c /ZI /nologo /W3 /WX- /Od /Oy- /D _MBCS /Gm /EHsc /RTC1 /MDd /GS /fp:precise /Zc:wchar_t /Zc:forScope /Fo"Debug\\" /Fd"Debug\vc110.pdb" /Gd /TP /analyze- /errorReport:prompt HOCTAP.cpp
         HOCTAP.cpp
     1>c:\users\acer\desktop\ontapdslk(part2)\ontapdslk(part2)\hoctap.cpp(82): warning C4996: 'flushall': The POSIX name for this item is deprecated. Instead, use the ISO C++ conformant name: _flushall. See online help for details.
                 c:\program files (x86)\microsoft visual studio 11.0\vc\include\stdio.h(712) : see declaration of 'flushall'
     1>c:\users\acer\desktop\ontapdslk(part2)\ontapdslk(part2)\hoctap.cpp(83): warning C4996: 'gets': This function or variable may be unsafe. Consider using gets_s instead. To disable deprecation, use _CRT_SECURE_NO_WARNINGS. See online help for details.
                 c:\program files (x86)\microsoft visual studio 11.0\vc\include\stdio.h(261) : see declaration of 'gets'
     1>c:\users\acer\desktop\ontapdslk(part2)\ontapdslk(part2)\hoctap.cpp(86): warning C4996: 'flushall': The POSIX name for this item is deprecated. Instead, use the ISO C++ conformant name: _flushall. See online help for details.
                 c:\program files (x86)\microsoft visual studio 11.0\vc\include\stdio.h(712) : see declaration of 'flushall'
     1>c:\users\acer\desktop\ontapdslk(part2)\ontapdslk(part2)\hoctap.cpp(87): warning C4996: 'gets': This function or variable may be unsafe. Consider using gets_s instead. To disable deprecation, use _CRT_SECURE_NO_WARNINGS. See online help for details.
                 c:\program files (x86)\microsoft visual studio 11.0\vc\include\stdio.h(261) : see declaration of 'gets'
     1>c:\users\acer\desktop\ontapdslk(part2)\ontapdslk(part2)\hoctap.cpp(90): warning C4996: 'scanf': This function or variable may be unsafe. Consider using scanf_s instead. To disable deprecation, use _CRT_SECURE_NO_WARNINGS. See online help for details.
                 c:\program files (x86)\microsoft visual studio 11.0\vc\include\stdio.h(290) : see declaration of 'scanf'
     1>c:\users\acer\desktop\ontapdslk(part2)\ontapdslk(part2)\hoctap.cpp(93): warning C4996: 'scanf': This function or variable may be unsafe. Consider using scanf_s instead. To disable deprecation, use _CRT_SECURE_NO_WARNINGS. See online help for details.
                 c:\program files (x86)\microsoft visual studio 11.0\vc\include\stdio.h(290) : see declaration of 'scanf'
     1>c:\users\acer\desktop\ontapdslk(part2)\ontapdslk(part2)\hoctap.cpp(96): warning C4996: 'scanf': This function or variable may be unsafe. Consider using scanf_s instead. To disable deprecation, use _CRT_SECURE_NO_WARNINGS. See online help for details.
                 c:\program files (x86)\microsoft visual studio 11.0\vc\include\stdio.h(290) : see declaration of 'scanf'
     1>c:\users\acer\desktop\ontapdslk(part2)\ontapdslk(part2)\hoctap.cpp(124): warning C4996: 'scanf': This function or variable may be unsafe. Consider using scanf_s instead. To disable deprecation, use _CRT_SECURE_NO_WARNINGS. See online help for details.
                 c:\program files (x86)\microsoft visual studio 11.0\vc\include\stdio.h(290) : see declaration of 'scanf'
     1>c:\users\acer\desktop\ontapdslk(part2)\ontapdslk(part2)\hoctap.cpp(154): warning C4996: 'flushall': The POSIX name for this item is deprecated. Instead, use the ISO C++ conformant name: _flushall. See online help for details.
                 c:\program files (x86)\microsoft visual studio 11.0\vc\include\stdio.h(712) : see declaration of 'flushall'
     1>c:\users\acer\desktop\ontapdslk(part2)\ontapdslk(part2)\hoctap.cpp(155): warning C4996: 'gets': This function or variable may be unsafe. Consider using gets_s instead. To disable deprecation, use _CRT_SECURE_NO_WARNINGS. See online help for details.
                 c:\program files (x86)\microsoft visual studio 11.0\vc\include\stdio.h(261) : see declaration of 'gets'
     1>c:\users\acer\desktop\ontapdslk(part2)\ontapdslk(part2)\hoctap.cpp(158): warning C4996: 'flushall': The POSIX name for this item is deprecated. Instead, use the ISO C++ conformant name: _flushall. See online help for details.
                 c:\program files (x86)\microsoft visual studio 11.0\vc\include\stdio.h(712) : see declaration of 'flushall'
     1>c:\users\acer\desktop\ontapdslk(part2)\ontapdslk(part2)\hoctap.cpp(159): warning C4996: 'gets': This function or variable may be unsafe. Consider using gets_s instead. To disable deprecation, use _CRT_SECURE_NO_WARNINGS. See online help for details.
                 c:\program files (x86)\microsoft visual studio 11.0\vc\include\stdio.h(261) : see declaration of 'gets'
     1>c:\users\acer\desktop\ontapdslk(part2)\ontapdslk(part2)\hoctap.cpp(162): warning C4996: 'flushall': The POSIX name for this item is deprecated. Instead, use the ISO C++ conformant name: _flushall. See online help for details.
                 c:\program files (x86)\microsoft visual studio 11.0\vc\include\stdio.h(712) : see declaration of 'flushall'
     1>c:\users\acer\desktop\ontapdslk(part2)\ontapdslk(part2)\hoctap.cpp(163): warning C4996: 'gets': This function or variable may be unsafe. Consider using gets_s instead. To disable deprecation, use _CRT_SECURE_NO_WARNINGS. See online help for details.
                 c:\program files (x86)\microsoft visual studio 11.0\vc\include\stdio.h(261) : see declaration of 'gets'
     1>c:\users\acer\desktop\ontapdslk(part2)\ontapdslk(part2)\hoctap.cpp(166): warning C4996: 'scanf': This function or variable may be unsafe. Consider using scanf_s instead. To disable deprecation, use _CRT_SECURE_NO_WARNINGS. See online help for details.
                 c:\program files (x86)\microsoft visual studio 11.0\vc\include\stdio.h(290) : see declaration of 'scanf'
     1>c:\users\acer\desktop\ontapdslk(part2)\ontapdslk(part2)\hoctap.cpp(197): warning C4996: 'scanf': This function or variable may be unsafe. Consider using scanf_s instead. To disable deprecation, use _CRT_SECURE_NO_WARNINGS. See online help for details.
                 c:\program files (x86)\microsoft visual studio 11.0\vc\include\stdio.h(290) : see declaration of 'scanf'
     1>c:\users\acer\desktop\ontapdslk(part2)\ontapdslk(part2)\hoctap.cpp(233): warning C4244: '=' : conversion from 'double' to 'float', possible loss of data
     1>c:\users\acer\desktop\ontapdslk(part2)\ontapdslk(part2)\hoctap.cpp(249): warning C4996: 'getch': The POSIX name for this item is deprecated. Instead, use the ISO C++ conformant name: _getch. See online help for details.
                 c:\program files (x86)\microsoft visual studio 11.0\vc\include\conio.h(131) : see declaration of 'getch'
     1>c:\users\acer\desktop\ontapdslk(part2)\ontapdslk(part2)\hoctap.cpp(242): warning C4101: 'mh' : unreferenced local variable
     1>c:\users\acer\desktop\ontapdslk(part2)\ontapdslk(part2)\hoctap.cpp(232): warning C4700: uninitialized local variable 'stc' used
       Link:
         C:\Program Files (x86)\Microsoft Visual Studio 11.0\VC\bin\link.exe /ERRORREPORT:PROMPT /OUT:"C:\Users\acer\Desktop\OntapDSLK(part2)\Debug\OntapDSLK(part2).exe" /INCREMENTAL /NOLOGO kernel32.lib user32.lib gdi32.lib winspool.lib comdlg32.lib advapi32.lib shell32.lib ole32.lib oleaut32.lib uuid.lib odbc32.lib odbccp32.lib /MANIFEST /MANIFESTUAC:"level='asInvoker' uiAccess='false'" /manifest:embed /DEBUG /PDB:"C:\Users\acer\Desktop\OntapDSLK(part2)\Debug\OntapDSLK(part2).pdb" /TLBID:1 /DYNAMICBASE /NXCOMPAT /IMPLIB:"C:\Users\acer\Desktop\OntapDSLK(part2)\Debug\OntapDSLK(part2).lib" /MACHINE:X86 Debug\HOCTAP.obj
         OntapDSLK(part2).vcxproj -> C:\Users\acer\Desktop\OntapDSLK(part2)\Debug\OntapDSLK(part2).exe
     1>Done Building Project "C:\Users\acer\Desktop\OntapDSLK(part2)\OntapDSLK(part2)\OntapDSLK(part2).vcxproj" (Build target(s)).

Build succeeded.

Time Elapsed 00:00:01.64
